<?xml version="1.0" encoding="UTF-8"?>
<coverage generated="1603352379528" clover="3.2.0">
  <project timestamp="1603352379528" name="All files">
    <metrics statements="181" coveredstatements="181" conditionals="41" coveredconditionals="39" methods="26" coveredmethods="26" elements="248" coveredelements="246" complexity="0" loc="181" ncloc="181" packages="1" files="1" classes="1"/>
    <file name="lib.js" path="C:\Users\Luis\Desktop\staticc\lib.js">
      <metrics statements="181" coveredstatements="181" conditionals="41" coveredconditionals="39" methods="26" coveredmethods="26"/>
      <line num="1" count="1" type="stmt"/>
      <line num="2" count="1" type="stmt"/>
      <line num="3" count="1" type="stmt"/>
      <line num="5" count="1" type="stmt"/>
      <line num="7" count="1" type="stmt"/>
      <line num="8" count="1" type="stmt"/>
      <line num="9" count="1" type="stmt"/>
      <line num="10" count="1" type="stmt"/>
      <line num="12" count="1" type="cond" truecount="2" falsecount="0"/>
      <line num="13" count="4" type="stmt"/>
      <line num="15" count="4" type="stmt"/>
      <line num="17" count="4" type="stmt"/>
      <line num="19" count="4" type="stmt"/>
      <line num="20" count="5" type="stmt"/>
      <line num="22" count="4" type="stmt"/>
      <line num="23" count="4" type="stmt"/>
      <line num="26" count="1" type="stmt"/>
      <line num="28" count="10" type="stmt"/>
      <line num="29" count="10" type="stmt"/>
      <line num="30" count="10" type="stmt"/>
      <line num="32" count="10" type="stmt"/>
      <line num="33" count="8" type="stmt"/>
      <line num="34" count="8" type="stmt"/>
      <line num="35" count="8" type="stmt"/>
      <line num="36" count="8" type="stmt"/>
      <line num="38" count="10" type="stmt"/>
      <line num="39" count="10" type="stmt"/>
      <line num="42" count="1" type="stmt"/>
      <line num="43" count="11" type="stmt"/>
      <line num="46" count="1" type="stmt"/>
      <line num="47" count="9" type="stmt"/>
      <line num="48" count="9" type="stmt"/>
      <line num="49" count="9" type="stmt"/>
      <line num="50" count="9" type="stmt"/>
      <line num="51" count="9" type="stmt"/>
      <line num="52" count="9" type="stmt"/>
      <line num="55" count="1" type="stmt"/>
      <line num="56" count="5" type="stmt"/>
      <line num="57" count="7" type="stmt"/>
      <line num="58" count="7" type="cond" truecount="1" falsecount="1"/>
      <line num="59" count="7" type="stmt"/>
      <line num="60" count="7" type="stmt"/>
      <line num="61" count="7" type="stmt"/>
      <line num="62" count="7" type="stmt"/>
      <line num="64" count="7" type="cond" truecount="2" falsecount="0"/>
      <line num="65" count="1" type="stmt"/>
      <line num="66" count="1" type="stmt"/>
      <line num="67" count="6" type="cond" truecount="2" falsecount="0"/>
      <line num="68" count="2" type="stmt"/>
      <line num="69" count="2" type="stmt"/>
      <line num="70" count="4" type="cond" truecount="2" falsecount="0"/>
      <line num="71" count="1" type="stmt"/>
      <line num="73" count="3" type="stmt"/>
      <line num="78" count="1" type="stmt"/>
      <line num="80" count="3" type="stmt"/>
      <line num="82" count="3" type="stmt"/>
      <line num="83" count="3" type="stmt"/>
      <line num="86" count="1" type="stmt"/>
      <line num="88" count="5" type="stmt"/>
      <line num="90" count="5" type="stmt"/>
      <line num="91" count="5" type="stmt"/>
      <line num="93" count="5" type="stmt"/>
      <line num="94" count="5" type="cond" truecount="2" falsecount="0"/>
      <line num="97" count="2" type="stmt"/>
      <line num="98" count="2" type="stmt"/>
      <line num="99" count="3" type="cond" truecount="2" falsecount="0"/>
      <line num="102" count="2" type="stmt"/>
      <line num="104" count="2" type="stmt"/>
      <line num="105" count="2" type="stmt"/>
      <line num="110" count="1" type="cond" truecount="1" falsecount="1"/>
      <line num="111" count="1" type="stmt"/>
      <line num="115" count="1" type="stmt"/>
      <line num="117" count="8" type="stmt"/>
      <line num="118" count="8" type="stmt"/>
      <line num="119" count="8" type="cond" truecount="2" falsecount="0"/>
      <line num="120" count="1" type="stmt"/>
      <line num="121" count="7" type="cond" truecount="2" falsecount="0"/>
      <line num="122" count="2" type="stmt"/>
      <line num="123" count="5" type="cond" truecount="4" falsecount="0"/>
      <line num="124" count="1" type="stmt"/>
      <line num="125" count="4" type="cond" truecount="2" falsecount="0"/>
      <line num="126" count="1" type="stmt"/>
      <line num="127" count="3" type="cond" truecount="2" falsecount="0"/>
      <line num="128" count="2" type="stmt"/>
      <line num="130" count="1" type="stmt"/>
      <line num="134" count="1" type="stmt"/>
      <line num="135" count="5" type="stmt"/>
      <line num="136" count="5" type="stmt"/>
      <line num="137" count="5" type="stmt"/>
      <line num="138" count="6" type="stmt"/>
      <line num="140" count="5" type="stmt"/>
      <line num="143" count="1" type="stmt"/>
      <line num="145" count="9" type="cond" truecount="2" falsecount="0"/>
      <line num="146" count="1" type="stmt"/>
      <line num="147" count="8" type="cond" truecount="2" falsecount="0"/>
      <line num="148" count="4" type="stmt"/>
      <line num="149" count="4" type="cond" truecount="2" falsecount="0"/>
      <line num="150" count="3" type="stmt"/>
      <line num="151" count="6" type="stmt"/>
      <line num="154" count="1" type="stmt"/>
      <line num="158" count="1" type="stmt"/>
      <line num="159" count="3" type="stmt"/>
      <line num="160" count="3" type="cond" truecount="2" falsecount="0"/>
      <line num="161" count="2" type="cond" truecount="2" falsecount="0"/>
      <line num="162" count="1" type="stmt"/>
      <line num="163" count="1" type="stmt"/>
      <line num="165" count="1" type="stmt"/>
      <line num="168" count="3" type="stmt"/>
      <line num="171" count="1" type="stmt"/>
      <line num="172" count="3" type="stmt"/>
      <line num="173" count="3" type="stmt"/>
      <line num="174" count="5" type="stmt"/>
      <line num="175" count="5" type="stmt"/>
      <line num="176" count="5" type="stmt"/>
      <line num="178" count="3" type="stmt"/>
      <line num="181" count="1" type="stmt"/>
      <line num="182" count="4" type="stmt"/>
      <line num="183" count="4" type="stmt"/>
      <line num="184" count="6" type="stmt"/>
      <line num="185" count="6" type="stmt"/>
      <line num="186" count="6" type="stmt"/>
      <line num="188" count="4" type="stmt"/>
      <line num="191" count="1" type="stmt"/>
      <line num="192" count="3" type="stmt"/>
      <line num="193" count="3" type="stmt"/>
      <line num="194" count="5" type="stmt"/>
      <line num="195" count="5" type="stmt"/>
      <line num="196" count="5" type="stmt"/>
      <line num="198" count="3" type="stmt"/>
      <line num="201" count="1" type="stmt"/>
      <line num="202" count="3" type="stmt"/>
      <line num="203" count="3" type="stmt"/>
      <line num="204" count="5" type="stmt"/>
      <line num="205" count="5" type="stmt"/>
      <line num="206" count="5" type="stmt"/>
      <line num="208" count="3" type="stmt"/>
      <line num="211" count="1" type="cond" truecount="1" falsecount="0"/>
      <line num="212" count="5" type="stmt"/>
      <line num="213" count="5" type="stmt"/>
      <line num="214" count="5" type="stmt"/>
      <line num="215" count="5" type="stmt"/>
      <line num="216" count="5" type="stmt"/>
      <line num="217" count="5" type="stmt"/>
      <line num="218" count="5" type="cond" truecount="2" falsecount="0"/>
      <line num="219" count="1" type="stmt"/>
      <line num="221" count="4" type="stmt"/>
      <line num="226" count="1" type="stmt"/>
      <line num="227" count="5" type="stmt"/>
      <line num="228" count="5" type="stmt"/>
      <line num="229" count="6" type="stmt"/>
      <line num="231" count="5" type="stmt"/>
      <line num="234" count="1" type="stmt"/>
      <line num="235" count="1" type="stmt"/>
      <line num="238" count="1" type="stmt"/>
      <line num="239" count="1" type="stmt"/>
      <line num="242" count="1" type="stmt"/>
      <line num="243" count="1" type="stmt"/>
      <line num="246" count="1" type="stmt"/>
      <line num="247" count="1" type="stmt"/>
      <line num="251" count="1" type="stmt"/>
      <line num="252" count="1" type="stmt"/>
      <line num="253" count="1" type="stmt"/>
      <line num="254" count="1" type="stmt"/>
      <line num="256" count="1" type="stmt"/>
      <line num="257" count="1" type="stmt"/>
      <line num="258" count="1" type="stmt"/>
      <line num="259" count="1" type="stmt"/>
      <line num="260" count="1" type="stmt"/>
      <line num="261" count="1" type="stmt"/>
      <line num="262" count="1" type="stmt"/>
      <line num="264" count="1" type="stmt"/>
      <line num="265" count="1" type="stmt"/>
      <line num="266" count="1" type="stmt"/>
      <line num="267" count="1" type="stmt"/>
      <line num="268" count="1" type="stmt"/>
      <line num="270" count="1" type="stmt"/>
      <line num="271" count="1" type="stmt"/>
      <line num="272" count="1" type="stmt"/>
      <line num="273" count="1" type="stmt"/>
      <line num="274" count="1" type="stmt"/>
      <line num="276" count="1" type="stmt"/>
    </file>
  </project>
</coverage>
