{"C:\\Users\\Luis\\Desktop\\staticc\\lib.js": {"path":"C:\\Users\\Luis\\Desktop\\staticc\\lib.js","statementMap":{"0":{"start":{"line":1,"column":11},"end":{"line":1,"column":24}},"1":{"start":{"line":2,"column":13},"end":{"line":2,"column":28}},"2":{"start":{"line":3,"column":16},"end":{"line":3,"column":31}},"3":{"start":{"line":5,"column":57},"end":{"line":5,"column":84}},"4":{"start":{"line":7,"column":22},"end":{"line":7,"column":24}},"5":{"start":{"line":8,"column":23},"end":{"line":8,"column":25}},"6":{"start":{"line":9,"column":21},"end":{"line":9,"column":23}},"7":{"start":{"line":10,"column":20},"end":{"line":10,"column":25}},"8":{"start":{"line":12,"column":18},"end":{"line":24,"column":1}},"9":{"start":{"line":13,"column":2},"end":{"line":13,"column":44}},"10":{"start":{"line":15,"column":44},"end":{"line":15,"column":86}},"11":{"start":{"line":17,"column":27},"end":{"line":17,"column":83}},"12":{"start":{"line":19,"column":15},"end":{"line":21,"column":8}},"13":{"start":{"line":20,"column":4},"end":{"line":20,"column":66}},"14":{"start":{"line":22,"column":2},"end":{"line":22,"column":60}},"15":{"start":{"line":23,"column":2},"end":{"line":23,"column":16}},"16":{"start":{"line":26,"column":25},"end":{"line":40,"column":1}},"17":{"start":{"line":28,"column":13},"end":{"line":28,"column":55}},"18":{"start":{"line":29,"column":28},"end":{"line":29,"column":30}},"19":{"start":{"line":30,"column":23},"end":{"line":30,"column":25}},"20":{"start":{"line":32,"column":2},"end":{"line":37,"column":3}},"21":{"start":{"line":32,"column":15},"end":{"line":32,"column":16}},"22":{"start":{"line":33,"column":46},"end":{"line":33,"column":101}},"23":{"start":{"line":34,"column":4},"end":{"line":34,"column":38}},"24":{"start":{"line":35,"column":4},"end":{"line":35,"column":34}},"25":{"start":{"line":36,"column":4},"end":{"line":36,"column":28}},"26":{"start":{"line":38,"column":2},"end":{"line":38,"column":39}},"27":{"start":{"line":39,"column":2},"end":{"line":39,"column":43}},"28":{"start":{"line":42,"column":20},"end":{"line":44,"column":1}},"29":{"start":{"line":43,"column":2},"end":{"line":43,"column":44}},"30":{"start":{"line":46,"column":18},"end":{"line":53,"column":1}},"31":{"start":{"line":47,"column":23},"end":{"line":47,"column":60}},"32":{"start":{"line":48,"column":23},"end":{"line":48,"column":58}},"33":{"start":{"line":49,"column":20},"end":{"line":49,"column":55}},"34":{"start":{"line":50,"column":21},"end":{"line":50,"column":71}},"35":{"start":{"line":51,"column":19},"end":{"line":51,"column":55}},"36":{"start":{"line":52,"column":2},"end":{"line":52,"column":43}},"37":{"start":{"line":55,"column":24},"end":{"line":76,"column":1}},"38":{"start":{"line":56,"column":2},"end":{"line":75,"column":5}},"39":{"start":{"line":57,"column":4},"end":{"line":57,"column":21}},"40":{"start":{"line":58,"column":4},"end":{"line":58,"column":89}},"41":{"start":{"line":58,"column":31},"end":{"line":58,"column":89}},"42":{"start":{"line":59,"column":4},"end":{"line":59,"column":29}},"43":{"start":{"line":60,"column":15},"end":{"line":60,"column":35}},"44":{"start":{"line":61,"column":19},"end":{"line":61,"column":39}},"45":{"start":{"line":62,"column":16},"end":{"line":62,"column":36}},"46":{"start":{"line":64,"column":4},"end":{"line":74,"column":5}},"47":{"start":{"line":65,"column":30},"end":{"line":65,"column":61}},"48":{"start":{"line":66,"column":6},"end":{"line":66,"column":75}},"49":{"start":{"line":67,"column":11},"end":{"line":74,"column":5}},"50":{"start":{"line":68,"column":45},"end":{"line":68,"column":80}},"51":{"start":{"line":69,"column":6},"end":{"line":69,"column":88}},"52":{"start":{"line":70,"column":11},"end":{"line":74,"column":5}},"53":{"start":{"line":71,"column":6},"end":{"line":71,"column":46}},"54":{"start":{"line":73,"column":6},"end":{"line":73,"column":47}},"55":{"start":{"line":78,"column":25},"end":{"line":84,"column":1}},"56":{"start":{"line":80,"column":2},"end":{"line":80,"column":58}},"57":{"start":{"line":82,"column":28},"end":{"line":82,"column":48}},"58":{"start":{"line":83,"column":2},"end":{"line":83,"column":47}},"59":{"start":{"line":86,"column":29},"end":{"line":113,"column":1}},"60":{"start":{"line":88,"column":2},"end":{"line":88,"column":58}},"61":{"start":{"line":90,"column":2},"end":{"line":90,"column":51}},"62":{"start":{"line":91,"column":2},"end":{"line":91,"column":46}},"63":{"start":{"line":93,"column":22},"end":{"line":93,"column":61}},"64":{"start":{"line":94,"column":2},"end":{"line":112,"column":3}},"65":{"start":{"line":97,"column":4},"end":{"line":97,"column":65}},"66":{"start":{"line":98,"column":4},"end":{"line":98,"column":101}},"67":{"start":{"line":99,"column":8},"end":{"line":112,"column":3}},"68":{"start":{"line":102,"column":19},"end":{"line":102,"column":75}},"69":{"start":{"line":104,"column":4},"end":{"line":104,"column":17}},"70":{"start":{"line":105,"column":4},"end":{"line":107,"column":19}},"71":{"start":{"line":110,"column":4},"end":{"line":110,"column":110}},"72":{"start":{"line":110,"column":31},"end":{"line":110,"column":110}},"73":{"start":{"line":111,"column":4},"end":{"line":111,"column":88}},"74":{"start":{"line":115,"column":26},"end":{"line":132,"column":1}},"75":{"start":{"line":117,"column":2},"end":{"line":117,"column":75}},"76":{"start":{"line":118,"column":22},"end":{"line":118,"column":50}},"77":{"start":{"line":119,"column":2},"end":{"line":131,"column":3}},"78":{"start":{"line":120,"column":4},"end":{"line":120,"column":49}},"79":{"start":{"line":121,"column":8},"end":{"line":131,"column":3}},"80":{"start":{"line":122,"column":4},"end":{"line":122,"column":49}},"81":{"start":{"line":123,"column":8},"end":{"line":131,"column":3}},"82":{"start":{"line":124,"column":4},"end":{"line":124,"column":50}},"83":{"start":{"line":125,"column":8},"end":{"line":131,"column":3}},"84":{"start":{"line":126,"column":4},"end":{"line":126,"column":48}},"85":{"start":{"line":127,"column":8},"end":{"line":131,"column":3}},"86":{"start":{"line":128,"column":4},"end":{"line":128,"column":49}},"87":{"start":{"line":130,"column":4},"end":{"line":130,"column":14}},"88":{"start":{"line":134,"column":27},"end":{"line":141,"column":1}},"89":{"start":{"line":135,"column":14},"end":{"line":135,"column":18}},"90":{"start":{"line":136,"column":23},"end":{"line":136,"column":67}},"91":{"start":{"line":137,"column":2},"end":{"line":139,"column":3}},"92":{"start":{"line":137,"column":15},"end":{"line":137,"column":16}},"93":{"start":{"line":138,"column":4},"end":{"line":138,"column":35}},"94":{"start":{"line":140,"column":2},"end":{"line":140,"column":15}},"95":{"start":{"line":143,"column":27},"end":{"line":156,"column":1}},"96":{"start":{"line":145,"column":2},"end":{"line":155,"column":3}},"97":{"start":{"line":146,"column":4},"end":{"line":146,"column":13}},"98":{"start":{"line":147,"column":8},"end":{"line":155,"column":3}},"99":{"start":{"line":148,"column":4},"end":{"line":148,"column":29}},"100":{"start":{"line":149,"column":9},"end":{"line":155,"column":3}},"101":{"start":{"line":150,"column":4},"end":{"line":152,"column":7}},"102":{"start":{"line":151,"column":6},"end":{"line":151,"column":29}},"103":{"start":{"line":154,"column":4},"end":{"line":154,"column":68}},"104":{"start":{"line":158,"column":25},"end":{"line":169,"column":1}},"105":{"start":{"line":159,"column":2},"end":{"line":167,"column":5}},"106":{"start":{"line":160,"column":4},"end":{"line":160,"column":31}},"107":{"start":{"line":160,"column":19},"end":{"line":160,"column":31}},"108":{"start":{"line":161,"column":4},"end":{"line":166,"column":5}},"109":{"start":{"line":162,"column":6},"end":{"line":162,"column":45}},"110":{"start":{"line":163,"column":6},"end":{"line":163,"column":17}},"111":{"start":{"line":165,"column":6},"end":{"line":165,"column":23}},"112":{"start":{"line":168,"column":2},"end":{"line":168,"column":14}},"113":{"start":{"line":171,"column":18},"end":{"line":179,"column":1}},"114":{"start":{"line":172,"column":24},"end":{"line":172,"column":26}},"115":{"start":{"line":173,"column":2},"end":{"line":177,"column":3}},"116":{"start":{"line":173,"column":15},"end":{"line":173,"column":16}},"117":{"start":{"line":174,"column":21},"end":{"line":174,"column":48}},"118":{"start":{"line":175,"column":4},"end":{"line":175,"column":33}},"119":{"start":{"line":176,"column":4},"end":{"line":176,"column":50}},"120":{"start":{"line":178,"column":2},"end":{"line":178,"column":25}},"121":{"start":{"line":181,"column":18},"end":{"line":189,"column":1}},"122":{"start":{"line":182,"column":19},"end":{"line":182,"column":21}},"123":{"start":{"line":183,"column":2},"end":{"line":187,"column":3}},"124":{"start":{"line":183,"column":15},"end":{"line":183,"column":16}},"125":{"start":{"line":184,"column":21},"end":{"line":184,"column":48}},"126":{"start":{"line":185,"column":4},"end":{"line":185,"column":33}},"127":{"start":{"line":186,"column":4},"end":{"line":186,"column":45}},"128":{"start":{"line":188,"column":2},"end":{"line":188,"column":40}},"129":{"start":{"line":191,"column":19},"end":{"line":199,"column":1}},"130":{"start":{"line":192,"column":19},"end":{"line":192,"column":21}},"131":{"start":{"line":193,"column":2},"end":{"line":197,"column":3}},"132":{"start":{"line":193,"column":15},"end":{"line":193,"column":16}},"133":{"start":{"line":194,"column":21},"end":{"line":194,"column":48}},"134":{"start":{"line":195,"column":4},"end":{"line":195,"column":33}},"135":{"start":{"line":196,"column":4},"end":{"line":196,"column":68}},"136":{"start":{"line":198,"column":2},"end":{"line":198,"column":40}},"137":{"start":{"line":201,"column":17},"end":{"line":209,"column":1}},"138":{"start":{"line":202,"column":15},"end":{"line":202,"column":17}},"139":{"start":{"line":203,"column":2},"end":{"line":207,"column":3}},"140":{"start":{"line":203,"column":15},"end":{"line":203,"column":16}},"141":{"start":{"line":204,"column":21},"end":{"line":204,"column":48}},"142":{"start":{"line":205,"column":4},"end":{"line":205,"column":33}},"143":{"start":{"line":206,"column":4},"end":{"line":206,"column":41}},"144":{"start":{"line":208,"column":2},"end":{"line":208,"column":38}},"145":{"start":{"line":211,"column":18},"end":{"line":224,"column":1}},"146":{"start":{"line":212,"column":48},"end":{"line":212,"column":52}},"147":{"start":{"line":213,"column":18},"end":{"line":213,"column":46}},"148":{"start":{"line":214,"column":2},"end":{"line":214,"column":31}},"149":{"start":{"line":215,"column":25},"end":{"line":215,"column":43}},"150":{"start":{"line":216,"column":2},"end":{"line":216,"column":23}},"151":{"start":{"line":217,"column":30},"end":{"line":217,"column":54}},"152":{"start":{"line":218,"column":2},"end":{"line":222,"column":3}},"153":{"start":{"line":219,"column":4},"end":{"line":219,"column":171}},"154":{"start":{"line":221,"column":4},"end":{"line":221,"column":232}},"155":{"start":{"line":226,"column":22},"end":{"line":232,"column":1}},"156":{"start":{"line":227,"column":31},"end":{"line":227,"column":73}},"157":{"start":{"line":228,"column":17},"end":{"line":230,"column":8}},"158":{"start":{"line":229,"column":4},"end":{"line":229,"column":31}},"159":{"start":{"line":231,"column":2},"end":{"line":231,"column":15}},"160":{"start":{"line":234,"column":25},"end":{"line":236,"column":1}},"161":{"start":{"line":235,"column":2},"end":{"line":235,"column":37}},"162":{"start":{"line":238,"column":26},"end":{"line":240,"column":1}},"163":{"start":{"line":239,"column":2},"end":{"line":239,"column":38}},"164":{"start":{"line":242,"column":26},"end":{"line":244,"column":1}},"165":{"start":{"line":243,"column":2},"end":{"line":243,"column":24}},"166":{"start":{"line":246,"column":30},"end":{"line":248,"column":1}},"167":{"start":{"line":247,"column":2},"end":{"line":247,"column":22}},"168":{"start":{"line":251,"column":0},"end":{"line":251,"column":30}},"169":{"start":{"line":252,"column":0},"end":{"line":252,"column":44}},"170":{"start":{"line":253,"column":0},"end":{"line":253,"column":46}},"171":{"start":{"line":254,"column":0},"end":{"line":254,"column":46}},"172":{"start":{"line":256,"column":0},"end":{"line":256,"column":30}},"173":{"start":{"line":257,"column":0},"end":{"line":257,"column":30}},"174":{"start":{"line":258,"column":0},"end":{"line":258,"column":32}},"175":{"start":{"line":259,"column":0},"end":{"line":259,"column":28}},"176":{"start":{"line":260,"column":0},"end":{"line":260,"column":30}},"177":{"start":{"line":261,"column":0},"end":{"line":261,"column":30}},"178":{"start":{"line":262,"column":0},"end":{"line":262,"column":38}},"179":{"start":{"line":264,"column":0},"end":{"line":264,"column":48}},"180":{"start":{"line":265,"column":0},"end":{"line":265,"column":44}},"181":{"start":{"line":266,"column":0},"end":{"line":266,"column":52}},"182":{"start":{"line":267,"column":0},"end":{"line":267,"column":46}},"183":{"start":{"line":268,"column":0},"end":{"line":268,"column":42}},"184":{"start":{"line":270,"column":0},"end":{"line":270,"column":34}},"185":{"start":{"line":271,"column":0},"end":{"line":271,"column":30}},"186":{"start":{"line":272,"column":0},"end":{"line":272,"column":44}},"187":{"start":{"line":273,"column":0},"end":{"line":273,"column":48}},"188":{"start":{"line":274,"column":0},"end":{"line":274,"column":44}},"189":{"start":{"line":276,"column":0},"end":{"line":276,"column":54}}},"fnMap":{"0":{"name":"(anonymous_0)","decl":{"start":{"line":12,"column":18},"end":{"line":12,"column":19}},"loc":{"start":{"line":12,"column":77},"end":{"line":24,"column":1}},"line":12},"1":{"name":"(anonymous_1)","decl":{"start":{"line":19,"column":39},"end":{"line":19,"column":40}},"loc":{"start":{"line":19,"column":78},"end":{"line":21,"column":3}},"line":19},"2":{"name":"(anonymous_2)","decl":{"start":{"line":26,"column":25},"end":{"line":26,"column":26}},"loc":{"start":{"line":26,"column":75},"end":{"line":40,"column":1}},"line":26},"3":{"name":"(anonymous_3)","decl":{"start":{"line":42,"column":20},"end":{"line":42,"column":21}},"loc":{"start":{"line":42,"column":43},"end":{"line":44,"column":1}},"line":42},"4":{"name":"(anonymous_4)","decl":{"start":{"line":46,"column":18},"end":{"line":46,"column":19}},"loc":{"start":{"line":46,"column":68},"end":{"line":53,"column":1}},"line":46},"5":{"name":"(anonymous_5)","decl":{"start":{"line":55,"column":24},"end":{"line":55,"column":25}},"loc":{"start":{"line":55,"column":73},"end":{"line":76,"column":1}},"line":55},"6":{"name":"(anonymous_6)","decl":{"start":{"line":56,"column":30},"end":{"line":56,"column":31}},"loc":{"start":{"line":56,"column":50},"end":{"line":75,"column":3}},"line":56},"7":{"name":"(anonymous_7)","decl":{"start":{"line":78,"column":25},"end":{"line":78,"column":26}},"loc":{"start":{"line":78,"column":51},"end":{"line":84,"column":1}},"line":78},"8":{"name":"(anonymous_8)","decl":{"start":{"line":86,"column":29},"end":{"line":86,"column":30}},"loc":{"start":{"line":86,"column":55},"end":{"line":113,"column":1}},"line":86},"9":{"name":"(anonymous_9)","decl":{"start":{"line":115,"column":26},"end":{"line":115,"column":27}},"loc":{"start":{"line":115,"column":52},"end":{"line":132,"column":1}},"line":115},"10":{"name":"(anonymous_10)","decl":{"start":{"line":134,"column":27},"end":{"line":134,"column":28}},"loc":{"start":{"line":134,"column":53},"end":{"line":141,"column":1}},"line":134},"11":{"name":"(anonymous_11)","decl":{"start":{"line":143,"column":27},"end":{"line":143,"column":28}},"loc":{"start":{"line":143,"column":50},"end":{"line":156,"column":1}},"line":143},"12":{"name":"(anonymous_12)","decl":{"start":{"line":150,"column":36},"end":{"line":150,"column":37}},"loc":{"start":{"line":150,"column":56},"end":{"line":152,"column":5}},"line":150},"13":{"name":"(anonymous_13)","decl":{"start":{"line":158,"column":25},"end":{"line":158,"column":26}},"loc":{"start":{"line":158,"column":41},"end":{"line":169,"column":1}},"line":158},"14":{"name":"(anonymous_14)","decl":{"start":{"line":159,"column":18},"end":{"line":159,"column":19}},"loc":{"start":{"line":159,"column":27},"end":{"line":167,"column":3}},"line":159},"15":{"name":"(anonymous_15)","decl":{"start":{"line":171,"column":18},"end":{"line":171,"column":19}},"loc":{"start":{"line":171,"column":34},"end":{"line":179,"column":1}},"line":171},"16":{"name":"(anonymous_16)","decl":{"start":{"line":181,"column":18},"end":{"line":181,"column":19}},"loc":{"start":{"line":181,"column":34},"end":{"line":189,"column":1}},"line":181},"17":{"name":"(anonymous_17)","decl":{"start":{"line":191,"column":19},"end":{"line":191,"column":20}},"loc":{"start":{"line":191,"column":35},"end":{"line":199,"column":1}},"line":191},"18":{"name":"(anonymous_18)","decl":{"start":{"line":201,"column":17},"end":{"line":201,"column":18}},"loc":{"start":{"line":201,"column":33},"end":{"line":209,"column":1}},"line":201},"19":{"name":"(anonymous_19)","decl":{"start":{"line":211,"column":18},"end":{"line":211,"column":19}},"loc":{"start":{"line":211,"column":52},"end":{"line":224,"column":1}},"line":211},"20":{"name":"(anonymous_20)","decl":{"start":{"line":226,"column":22},"end":{"line":226,"column":23}},"loc":{"start":{"line":226,"column":40},"end":{"line":232,"column":1}},"line":226},"21":{"name":"(anonymous_21)","decl":{"start":{"line":228,"column":43},"end":{"line":228,"column":44}},"loc":{"start":{"line":228,"column":66},"end":{"line":230,"column":3}},"line":228},"22":{"name":"(anonymous_22)","decl":{"start":{"line":234,"column":25},"end":{"line":234,"column":26}},"loc":{"start":{"line":234,"column":31},"end":{"line":236,"column":1}},"line":234},"23":{"name":"(anonymous_23)","decl":{"start":{"line":238,"column":26},"end":{"line":238,"column":27}},"loc":{"start":{"line":238,"column":32},"end":{"line":240,"column":1}},"line":238},"24":{"name":"(anonymous_24)","decl":{"start":{"line":242,"column":26},"end":{"line":242,"column":27}},"loc":{"start":{"line":242,"column":32},"end":{"line":244,"column":1}},"line":242},"25":{"name":"(anonymous_25)","decl":{"start":{"line":246,"column":30},"end":{"line":246,"column":31}},"loc":{"start":{"line":246,"column":36},"end":{"line":248,"column":1}},"line":246}},"branchMap":{"0":{"loc":{"start":{"line":12,"column":39},"end":{"line":12,"column":57}},"type":"default-arg","locations":[{"start":{"line":12,"column":55},"end":{"line":12,"column":57}}],"line":12},"1":{"loc":{"start":{"line":12,"column":59},"end":{"line":12,"column":72}},"type":"default-arg","locations":[{"start":{"line":12,"column":66},"end":{"line":12,"column":72}}],"line":12},"2":{"loc":{"start":{"line":58,"column":4},"end":{"line":58,"column":89}},"type":"if","locations":[{"start":{"line":58,"column":4},"end":{"line":58,"column":89}},{"start":{"line":58,"column":4},"end":{"line":58,"column":89}}],"line":58},"3":{"loc":{"start":{"line":64,"column":4},"end":{"line":74,"column":5}},"type":"if","locations":[{"start":{"line":64,"column":4},"end":{"line":74,"column":5}},{"start":{"line":64,"column":4},"end":{"line":74,"column":5}}],"line":64},"4":{"loc":{"start":{"line":67,"column":11},"end":{"line":74,"column":5}},"type":"if","locations":[{"start":{"line":67,"column":11},"end":{"line":74,"column":5}},{"start":{"line":67,"column":11},"end":{"line":74,"column":5}}],"line":67},"5":{"loc":{"start":{"line":70,"column":11},"end":{"line":74,"column":5}},"type":"if","locations":[{"start":{"line":70,"column":11},"end":{"line":74,"column":5}},{"start":{"line":70,"column":11},"end":{"line":74,"column":5}}],"line":70},"6":{"loc":{"start":{"line":94,"column":2},"end":{"line":112,"column":3}},"type":"if","locations":[{"start":{"line":94,"column":2},"end":{"line":112,"column":3}},{"start":{"line":94,"column":2},"end":{"line":112,"column":3}}],"line":94},"7":{"loc":{"start":{"line":99,"column":8},"end":{"line":112,"column":3}},"type":"if","locations":[{"start":{"line":99,"column":8},"end":{"line":112,"column":3}},{"start":{"line":99,"column":8},"end":{"line":112,"column":3}}],"line":99},"8":{"loc":{"start":{"line":110,"column":4},"end":{"line":110,"column":110}},"type":"if","locations":[{"start":{"line":110,"column":4},"end":{"line":110,"column":110}},{"start":{"line":110,"column":4},"end":{"line":110,"column":110}}],"line":110},"9":{"loc":{"start":{"line":119,"column":2},"end":{"line":131,"column":3}},"type":"if","locations":[{"start":{"line":119,"column":2},"end":{"line":131,"column":3}},{"start":{"line":119,"column":2},"end":{"line":131,"column":3}}],"line":119},"10":{"loc":{"start":{"line":121,"column":8},"end":{"line":131,"column":3}},"type":"if","locations":[{"start":{"line":121,"column":8},"end":{"line":131,"column":3}},{"start":{"line":121,"column":8},"end":{"line":131,"column":3}}],"line":121},"11":{"loc":{"start":{"line":123,"column":8},"end":{"line":131,"column":3}},"type":"if","locations":[{"start":{"line":123,"column":8},"end":{"line":131,"column":3}},{"start":{"line":123,"column":8},"end":{"line":131,"column":3}}],"line":123},"12":{"loc":{"start":{"line":123,"column":11},"end":{"line":123,"column":59}},"type":"binary-expr","locations":[{"start":{"line":123,"column":11},"end":{"line":123,"column":33}},{"start":{"line":123,"column":37},"end":{"line":123,"column":59}}],"line":123},"13":{"loc":{"start":{"line":125,"column":8},"end":{"line":131,"column":3}},"type":"if","locations":[{"start":{"line":125,"column":8},"end":{"line":131,"column":3}},{"start":{"line":125,"column":8},"end":{"line":131,"column":3}}],"line":125},"14":{"loc":{"start":{"line":127,"column":8},"end":{"line":131,"column":3}},"type":"if","locations":[{"start":{"line":127,"column":8},"end":{"line":131,"column":3}},{"start":{"line":127,"column":8},"end":{"line":131,"column":3}}],"line":127},"15":{"loc":{"start":{"line":145,"column":2},"end":{"line":155,"column":3}},"type":"if","locations":[{"start":{"line":145,"column":2},"end":{"line":155,"column":3}},{"start":{"line":145,"column":2},"end":{"line":155,"column":3}}],"line":145},"16":{"loc":{"start":{"line":147,"column":8},"end":{"line":155,"column":3}},"type":"if","locations":[{"start":{"line":147,"column":8},"end":{"line":155,"column":3}},{"start":{"line":147,"column":8},"end":{"line":155,"column":3}}],"line":147},"17":{"loc":{"start":{"line":149,"column":9},"end":{"line":155,"column":3}},"type":"if","locations":[{"start":{"line":149,"column":9},"end":{"line":155,"column":3}},{"start":{"line":149,"column":9},"end":{"line":155,"column":3}}],"line":149},"18":{"loc":{"start":{"line":160,"column":4},"end":{"line":160,"column":31}},"type":"if","locations":[{"start":{"line":160,"column":4},"end":{"line":160,"column":31}},{"start":{"line":160,"column":4},"end":{"line":160,"column":31}}],"line":160},"19":{"loc":{"start":{"line":161,"column":4},"end":{"line":166,"column":5}},"type":"if","locations":[{"start":{"line":161,"column":4},"end":{"line":166,"column":5}},{"start":{"line":161,"column":4},"end":{"line":166,"column":5}}],"line":161},"20":{"loc":{"start":{"line":211,"column":31},"end":{"line":211,"column":47}},"type":"default-arg","locations":[{"start":{"line":211,"column":42},"end":{"line":211,"column":47}}],"line":211},"21":{"loc":{"start":{"line":218,"column":2},"end":{"line":222,"column":3}},"type":"if","locations":[{"start":{"line":218,"column":2},"end":{"line":222,"column":3}},{"start":{"line":218,"column":2},"end":{"line":222,"column":3}}],"line":218}},"s":{"0":1,"1":1,"2":1,"3":1,"4":1,"5":1,"6":1,"7":1,"8":1,"9":4,"10":4,"11":4,"12":4,"13":5,"14":4,"15":4,"16":1,"17":10,"18":10,"19":10,"20":10,"21":10,"22":8,"23":8,"24":8,"25":8,"26":10,"27":10,"28":1,"29":11,"30":1,"31":9,"32":9,"33":9,"34":9,"35":9,"36":9,"37":1,"38":5,"39":7,"40":7,"41":0,"42":7,"43":7,"44":7,"45":7,"46":7,"47":1,"48":1,"49":6,"50":2,"51":2,"52":4,"53":1,"54":3,"55":1,"56":3,"57":3,"58":3,"59":1,"60":5,"61":5,"62":5,"63":5,"64":5,"65":2,"66":2,"67":3,"68":2,"69":2,"70":2,"71":1,"72":0,"73":1,"74":1,"75":8,"76":8,"77":8,"78":1,"79":7,"80":2,"81":5,"82":1,"83":4,"84":1,"85":3,"86":2,"87":1,"88":1,"89":5,"90":5,"91":5,"92":5,"93":6,"94":5,"95":1,"96":9,"97":1,"98":8,"99":4,"100":4,"101":3,"102":6,"103":1,"104":1,"105":3,"106":3,"107":1,"108":2,"109":1,"110":1,"111":1,"112":3,"113":1,"114":3,"115":3,"116":3,"117":5,"118":5,"119":5,"120":3,"121":1,"122":4,"123":4,"124":4,"125":6,"126":6,"127":6,"128":4,"129":1,"130":3,"131":3,"132":3,"133":5,"134":5,"135":5,"136":3,"137":1,"138":3,"139":3,"140":3,"141":5,"142":5,"143":5,"144":3,"145":1,"146":5,"147":5,"148":5,"149":5,"150":5,"151":5,"152":5,"153":1,"154":4,"155":1,"156":5,"157":5,"158":6,"159":5,"160":1,"161":1,"162":1,"163":1,"164":1,"165":1,"166":1,"167":1,"168":1,"169":1,"170":1,"171":1,"172":1,"173":1,"174":1,"175":1,"176":1,"177":1,"178":1,"179":1,"180":1,"181":1,"182":1,"183":1,"184":1,"185":1,"186":1,"187":1,"188":1,"189":1},"f":{"0":4,"1":5,"2":10,"3":11,"4":9,"5":5,"6":7,"7":3,"8":5,"9":8,"10":5,"11":9,"12":6,"13":3,"14":3,"15":3,"16":4,"17":3,"18":3,"19":5,"20":5,"21":6,"22":1,"23":1,"24":1,"25":1},"b":{"0":[1],"1":[2],"2":[0,7],"3":[1,6],"4":[2,4],"5":[1,3],"6":[2,3],"7":[2,1],"8":[0,1],"9":[1,7],"10":[2,5],"11":[1,4],"12":[5,4],"13":[1,3],"14":[2,1],"15":[1,8],"16":[4,4],"17":[3,1],"18":[1,2],"19":[1,1],"20":[4],"21":[1,4]},"_coverageSchema":"1a1c01bbd47fc00a2c39e90264f33305004495a9","hash":"0d79d621d69c6a21548d5deb6b7f92747f9f2742"}
}
