TN:
SF:lib.js
FN:12,(anonymous_0)
FN:19,(anonymous_1)
FN:26,(anonymous_2)
FN:42,(anonymous_3)
FN:46,(anonymous_4)
FN:55,(anonymous_5)
FN:56,(anonymous_6)
FN:78,(anonymous_7)
FN:86,(anonymous_8)
FN:115,(anonymous_9)
FN:134,(anonymous_10)
FN:143,(anonymous_11)
FN:150,(anonymous_12)
FN:158,(anonymous_13)
FN:159,(anonymous_14)
FN:171,(anonymous_15)
FN:181,(anonymous_16)
FN:191,(anonymous_17)
FN:201,(anonymous_18)
FN:211,(anonymous_19)
FN:226,(anonymous_20)
FN:228,(anonymous_21)
FN:234,(anonymous_22)
FN:238,(anonymous_23)
FN:242,(anonymous_24)
FN:246,(anonymous_25)
FNF:26
FNH:26
FNDA:4,(anonymous_0)
FNDA:5,(anonymous_1)
FNDA:10,(anonymous_2)
FNDA:11,(anonymous_3)
FNDA:9,(anonymous_4)
FNDA:5,(anonymous_5)
FNDA:7,(anonymous_6)
FNDA:3,(anonymous_7)
FNDA:5,(anonymous_8)
FNDA:8,(anonymous_9)
FNDA:5,(anonymous_10)
FNDA:9,(anonymous_11)
FNDA:6,(anonymous_12)
FNDA:3,(anonymous_13)
FNDA:3,(anonymous_14)
FNDA:3,(anonymous_15)
FNDA:4,(anonymous_16)
FNDA:3,(anonymous_17)
FNDA:3,(anonymous_18)
FNDA:5,(anonymous_19)
FNDA:5,(anonymous_20)
FNDA:6,(anonymous_21)
FNDA:1,(anonymous_22)
FNDA:1,(anonymous_23)
FNDA:1,(anonymous_24)
FNDA:1,(anonymous_25)
DA:1,1
DA:2,1
DA:3,1
DA:5,1
DA:7,1
DA:8,1
DA:9,1
DA:10,1
DA:12,1
DA:13,4
DA:15,4
DA:17,4
DA:19,4
DA:20,5
DA:22,4
DA:23,4
DA:26,1
DA:28,10
DA:29,10
DA:30,10
DA:32,10
DA:33,8
DA:34,8
DA:35,8
DA:36,8
DA:38,10
DA:39,10
DA:42,1
DA:43,11
DA:46,1
DA:47,9
DA:48,9
DA:49,9
DA:50,9
DA:51,9
DA:52,9
DA:55,1
DA:56,5
DA:57,7
DA:58,7
DA:59,7
DA:60,7
DA:61,7
DA:62,7
DA:64,7
DA:65,1
DA:66,1
DA:67,6
DA:68,2
DA:69,2
DA:70,4
DA:71,1
DA:73,3
DA:78,1
DA:80,3
DA:82,3
DA:83,3
DA:86,1
DA:88,5
DA:90,5
DA:91,5
DA:93,5
DA:94,5
DA:97,2
DA:98,2
DA:99,3
DA:102,2
DA:104,2
DA:105,2
DA:110,1
DA:111,1
DA:115,1
DA:117,8
DA:118,8
DA:119,8
DA:120,1
DA:121,7
DA:122,2
DA:123,5
DA:124,1
DA:125,4
DA:126,1
DA:127,3
DA:128,2
DA:130,1
DA:134,1
DA:135,5
DA:136,5
DA:137,5
DA:138,6
DA:140,5
DA:143,1
DA:145,9
DA:146,1
DA:147,8
DA:148,4
DA:149,4
DA:150,3
DA:151,6
DA:154,1
DA:158,1
DA:159,3
DA:160,3
DA:161,2
DA:162,1
DA:163,1
DA:165,1
DA:168,3
DA:171,1
DA:172,3
DA:173,3
DA:174,5
DA:175,5
DA:176,5
DA:178,3
DA:181,1
DA:182,4
DA:183,4
DA:184,6
DA:185,6
DA:186,6
DA:188,4
DA:191,1
DA:192,3
DA:193,3
DA:194,5
DA:195,5
DA:196,5
DA:198,3
DA:201,1
DA:202,3
DA:203,3
DA:204,5
DA:205,5
DA:206,5
DA:208,3
DA:211,1
DA:212,5
DA:213,5
DA:214,5
DA:215,5
DA:216,5
DA:217,5
DA:218,5
DA:219,1
DA:221,4
DA:226,1
DA:227,5
DA:228,5
DA:229,6
DA:231,5
DA:234,1
DA:235,1
DA:238,1
DA:239,1
DA:242,1
DA:243,1
DA:246,1
DA:247,1
DA:251,1
DA:252,1
DA:253,1
DA:254,1
DA:256,1
DA:257,1
DA:258,1
DA:259,1
DA:260,1
DA:261,1
DA:262,1
DA:264,1
DA:265,1
DA:266,1
DA:267,1
DA:268,1
DA:270,1
DA:271,1
DA:272,1
DA:273,1
DA:274,1
DA:276,1
LF:181
LH:181
BRDA:12,0,0,1
BRDA:12,1,0,2
BRDA:58,2,0,0
BRDA:58,2,1,7
BRDA:64,3,0,1
BRDA:64,3,1,6
BRDA:67,4,0,2
BRDA:67,4,1,4
BRDA:70,5,0,1
BRDA:70,5,1,3
BRDA:94,6,0,2
BRDA:94,6,1,3
BRDA:99,7,0,2
BRDA:99,7,1,1
BRDA:110,8,0,0
BRDA:110,8,1,1
BRDA:119,9,0,1
BRDA:119,9,1,7
BRDA:121,10,0,2
BRDA:121,10,1,5
BRDA:123,11,0,1
BRDA:123,11,1,4
BRDA:123,12,0,5
BRDA:123,12,1,4
BRDA:125,13,0,1
BRDA:125,13,1,3
BRDA:127,14,0,2
BRDA:127,14,1,1
BRDA:145,15,0,1
BRDA:145,15,1,8
BRDA:147,16,0,4
BRDA:147,16,1,4
BRDA:149,17,0,3
BRDA:149,17,1,1
BRDA:160,18,0,1
BRDA:160,18,1,2
BRDA:161,19,0,1
BRDA:161,19,1,1
BRDA:211,20,0,4
BRDA:218,21,0,1
BRDA:218,21,1,4
BRF:41
BRH:39
end_of_record
